{"E:\\disqueria-front-react\\src\\api\\auth.ts": {"path":"E:\\disqueria-front-react\\src\\api\\auth.ts","statementMap":{"0":{"start":{"line":3,"column":21},"end":{"line":6,"column":null}},"1":{"start":{"line":4,"column":21},"end":{"line":4,"column":null}},"2":{"start":{"line":5,"column":4},"end":{"line":5,"column":null}},"3":{"start":{"line":9,"column":24},"end":{"line":12,"column":null}},"4":{"start":{"line":10,"column":21},"end":{"line":10,"column":null}},"5":{"start":{"line":11,"column":4},"end":{"line":11,"column":null}}},"fnMap":{"0":{"name":"(anonymous_0)","decl":{"start":{"line":3,"column":21},"end":{"line":3,"column":28}},"loc":{"start":{"line":3,"column":64},"end":{"line":6,"column":null}},"line":3},"1":{"name":"(anonymous_1)","decl":{"start":{"line":9,"column":24},"end":{"line":9,"column":31}},"loc":{"start":{"line":9,"column":49},"end":{"line":12,"column":null}},"line":9}},"branchMap":{},"s":{"0":1,"1":1,"2":1,"3":1,"4":1,"5":1},"f":{"0":1,"1":1},"b":{},"meta":{"lastBranch":0,"lastFunction":2,"lastStatement":6,"seen":{"s:3:21:6:Infinity":0,"f:3:21:3:28":0,"s:4:21:4:Infinity":1,"s:5:4:5:Infinity":2,"s:9:24:12:Infinity":3,"f:9:24:9:31":1,"s:10:21:10:Infinity":4,"s:11:4:11:Infinity":5}}}
,"E:\\disqueria-front-react\\src\\api\\catalog.ts": {"path":"E:\\disqueria-front-react\\src\\api\\catalog.ts","statementMap":{"0":{"start":{"line":3,"column":26},"end":{"line":6,"column":null}},"1":{"start":{"line":4,"column":21},"end":{"line":4,"column":null}},"2":{"start":{"line":5,"column":4},"end":{"line":5,"column":null}},"3":{"start":{"line":8,"column":28},"end":{"line":11,"column":null}},"4":{"start":{"line":9,"column":21},"end":{"line":9,"column":null}},"5":{"start":{"line":10,"column":4},"end":{"line":10,"column":null}},"6":{"start":{"line":13,"column":25},"end":{"line":16,"column":null}},"7":{"start":{"line":14,"column":21},"end":{"line":14,"column":null}},"8":{"start":{"line":15,"column":4},"end":{"line":15,"column":null}},"9":{"start":{"line":18,"column":27},"end":{"line":21,"column":null}},"10":{"start":{"line":19,"column":21},"end":{"line":19,"column":null}},"11":{"start":{"line":20,"column":4},"end":{"line":20,"column":null}}},"fnMap":{"0":{"name":"(anonymous_0)","decl":{"start":{"line":3,"column":26},"end":{"line":3,"column":38}},"loc":{"start":{"line":3,"column":38},"end":{"line":6,"column":null}},"line":3},"1":{"name":"(anonymous_1)","decl":{"start":{"line":8,"column":28},"end":{"line":8,"column":35}},"loc":{"start":{"line":8,"column":80},"end":{"line":11,"column":null}},"line":8},"2":{"name":"(anonymous_2)","decl":{"start":{"line":13,"column":25},"end":{"line":13,"column":37}},"loc":{"start":{"line":13,"column":37},"end":{"line":16,"column":null}},"line":13},"3":{"name":"(anonymous_3)","decl":{"start":{"line":18,"column":27},"end":{"line":18,"column":34}},"loc":{"start":{"line":18,"column":48},"end":{"line":21,"column":null}},"line":18}},"branchMap":{},"s":{"0":1,"1":1,"2":1,"3":1,"4":1,"5":1,"6":1,"7":1,"8":1,"9":1,"10":1,"11":1},"f":{"0":1,"1":1,"2":1,"3":1},"b":{},"meta":{"lastBranch":0,"lastFunction":4,"lastStatement":12,"seen":{"s:3:26:6:Infinity":0,"f:3:26:3:38":0,"s:4:21:4:Infinity":1,"s:5:4:5:Infinity":2,"s:8:28:11:Infinity":3,"f:8:28:8:35":1,"s:9:21:9:Infinity":4,"s:10:4:10:Infinity":5,"s:13:25:16:Infinity":6,"f:13:25:13:37":2,"s:14:21:14:Infinity":7,"s:15:4:15:Infinity":8,"s:18:27:21:Infinity":9,"f:18:27:18:34":3,"s:19:21:19:Infinity":10,"s:20:4:20:Infinity":11}}}
,"E:\\disqueria-front-react\\src\\api\\client.ts": {"path":"E:\\disqueria-front-react\\src\\api\\client.ts","statementMap":{"0":{"start":{"line":3,"column":16},"end":{"line":3,"column":null}},"1":{"start":{"line":5,"column":15},"end":{"line":10,"column":null}},"2":{"start":{"line":13,"column":0},"end":{"line":22,"column":null}},"3":{"start":{"line":15,"column":22},"end":{"line":15,"column":null}},"4":{"start":{"line":16,"column":8},"end":{"line":18,"column":null}},"5":{"start":{"line":17,"column":12},"end":{"line":17,"column":null}},"6":{"start":{"line":19,"column":8},"end":{"line":19,"column":null}},"7":{"start":{"line":21,"column":15},"end":{"line":21,"column":null}}},"fnMap":{"0":{"name":"(anonymous_0)","decl":{"start":{"line":14,"column":4},"end":{"line":14,"column":5}},"loc":{"start":{"line":14,"column":16},"end":{"line":20,"column":null}},"line":14},"1":{"name":"(anonymous_1)","decl":{"start":{"line":21,"column":4},"end":{"line":21,"column":5}},"loc":{"start":{"line":21,"column":15},"end":{"line":21,"column":null}},"line":21}},"branchMap":{"0":{"loc":{"start":{"line":16,"column":8},"end":{"line":18,"column":null}},"type":"if","locations":[{"start":{"line":16,"column":8},"end":{"line":18,"column":null}},{"start":{},"end":{}}],"line":16}},"s":{"0":6,"1":6,"2":6,"3":0,"4":0,"5":0,"6":0,"7":0},"f":{"0":0,"1":0},"b":{"0":[0,0]},"meta":{"lastBranch":1,"lastFunction":2,"lastStatement":8,"seen":{"s:3:16:3:Infinity":0,"s:5:15:10:Infinity":1,"s:13:0:22:Infinity":2,"f:14:4:14:5":0,"s:15:22:15:Infinity":3,"b:16:8:18:Infinity:undefined:undefined:undefined:undefined":0,"s:16:8:18:Infinity":4,"s:17:12:17:Infinity":5,"s:19:8:19:Infinity":6,"f:21:4:21:5":1,"s:21:15:21:Infinity":7}}}
,"E:\\disqueria-front-react\\src\\api\\orders.ts": {"path":"E:\\disqueria-front-react\\src\\api\\orders.ts","statementMap":{"0":{"start":{"line":3,"column":27},"end":{"line":6,"column":null}},"1":{"start":{"line":4,"column":21},"end":{"line":4,"column":null}},"2":{"start":{"line":5,"column":4},"end":{"line":5,"column":null}},"3":{"start":{"line":8,"column":29},"end":{"line":11,"column":null}},"4":{"start":{"line":9,"column":21},"end":{"line":9,"column":null}},"5":{"start":{"line":10,"column":4},"end":{"line":10,"column":null}}},"fnMap":{"0":{"name":"(anonymous_0)","decl":{"start":{"line":3,"column":27},"end":{"line":3,"column":34}},"loc":{"start":{"line":3,"column":131},"end":{"line":6,"column":null}},"line":3},"1":{"name":"(anonymous_1)","decl":{"start":{"line":8,"column":29},"end":{"line":8,"column":36}},"loc":{"start":{"line":8,"column":55},"end":{"line":11,"column":null}},"line":8}},"branchMap":{},"s":{"0":2,"1":1,"2":1,"3":2,"4":1,"5":1},"f":{"0":1,"1":1},"b":{},"meta":{"lastBranch":0,"lastFunction":2,"lastStatement":6,"seen":{"s:3:27:6:Infinity":0,"f:3:27:3:34":0,"s:4:21:4:Infinity":1,"s:5:4:5:Infinity":2,"s:8:29:11:Infinity":3,"f:8:29:8:36":1,"s:9:21:9:Infinity":4,"s:10:4:10:Infinity":5}}}
,"E:\\disqueria-front-react\\src\\api\\users.ts": {"path":"E:\\disqueria-front-react\\src\\api\\users.ts","statementMap":{"0":{"start":{"line":3,"column":24},"end":{"line":6,"column":null}},"1":{"start":{"line":4,"column":21},"end":{"line":4,"column":null}},"2":{"start":{"line":5,"column":4},"end":{"line":5,"column":null}}},"fnMap":{"0":{"name":"(anonymous_0)","decl":{"start":{"line":3,"column":24},"end":{"line":3,"column":31}},"loc":{"start":{"line":3,"column":49},"end":{"line":6,"column":null}},"line":3}},"branchMap":{},"s":{"0":1,"1":1,"2":1},"f":{"0":1},"b":{},"meta":{"lastBranch":0,"lastFunction":1,"lastStatement":3,"seen":{"s:3:24:6:Infinity":0,"f:3:24:3:31":0,"s:4:21:4:Infinity":1,"s:5:4:5:Infinity":2}}}
,"E:\\disqueria-front-react\\src\\components\\ProtectedRoute.tsx": {"path":"E:\\disqueria-front-react\\src\\components\\ProtectedRoute.tsx","statementMap":{"0":{"start":{"line":4,"column":30},"end":{"line":12,"column":null}},"1":{"start":{"line":5,"column":28},"end":{"line":5,"column":null}},"2":{"start":{"line":7,"column":4},"end":{"line":9,"column":null}},"3":{"start":{"line":8,"column":8},"end":{"line":8,"column":null}},"4":{"start":{"line":11,"column":4},"end":{"line":11,"column":null}}},"fnMap":{"0":{"name":"(anonymous_0)","decl":{"start":{"line":4,"column":30},"end":{"line":4,"column":36}},"loc":{"start":{"line":4,"column":36},"end":{"line":12,"column":null}},"line":4}},"branchMap":{"0":{"loc":{"start":{"line":7,"column":4},"end":{"line":9,"column":null}},"type":"if","locations":[{"start":{"line":7,"column":4},"end":{"line":9,"column":null}},{"start":{},"end":{}}],"line":7}},"s":{"0":1,"1":2,"2":2,"3":1,"4":1},"f":{"0":2},"b":{"0":[1,1]},"meta":{"lastBranch":1,"lastFunction":1,"lastStatement":5,"seen":{"s:4:30:12:Infinity":0,"f:4:30:4:36":0,"s:5:28:5:Infinity":1,"b:7:4:9:Infinity:undefined:undefined:undefined:undefined":0,"s:7:4:9:Infinity":2,"s:8:8:8:Infinity":3,"s:11:4:11:Infinity":4}}}
,"E:\\disqueria-front-react\\src\\components\\catalog\\CreateAlbumModal.tsx": {"path":"E:\\disqueria-front-react\\src\\components\\catalog\\CreateAlbumModal.tsx","statementMap":{"0":{"start":{"line":17,"column":65},"end":{"line":153,"column":null}},"1":{"start":{"line":18,"column":14},"end":{"line":18,"column":null}},"2":{"start":{"line":19,"column":22},"end":{"line":19,"column":null}},"3":{"start":{"line":20,"column":26},"end":{"line":20,"column":null}},"4":{"start":{"line":21,"column":24},"end":{"line":21,"column":null}},"5":{"start":{"line":22,"column":26},"end":{"line":22,"column":null}},"6":{"start":{"line":23,"column":26},"end":{"line":23,"column":null}},"7":{"start":{"line":24,"column":32},"end":{"line":24,"column":null}},"8":{"start":{"line":25,"column":30},"end":{"line":25,"column":null}},"9":{"start":{"line":27,"column":4},"end":{"line":33,"column":null}},"10":{"start":{"line":28,"column":8},"end":{"line":32,"column":null}},"11":{"start":{"line":29,"column":12},"end":{"line":29,"column":null}},"12":{"start":{"line":31,"column":12},"end":{"line":31,"column":null}},"13":{"start":{"line":35,"column":4},"end":{"line":35,"column":null}},"14":{"start":{"line":35,"column":17},"end":{"line":35,"column":null}},"15":{"start":{"line":37,"column":25},"end":{"line":77,"column":null}},"16":{"start":{"line":38,"column":8},"end":{"line":38,"column":null}},"17":{"start":{"line":40,"column":8},"end":{"line":43,"column":null}},"18":{"start":{"line":41,"column":12},"end":{"line":41,"column":null}},"19":{"start":{"line":42,"column":12},"end":{"line":42,"column":null}},"20":{"start":{"line":45,"column":24},"end":{"line":45,"column":null}},"21":{"start":{"line":46,"column":25},"end":{"line":46,"column":null}},"22":{"start":{"line":48,"column":8},"end":{"line":51,"column":null}},"23":{"start":{"line":49,"column":12},"end":{"line":49,"column":null}},"24":{"start":{"line":50,"column":12},"end":{"line":50,"column":null}},"25":{"start":{"line":53,"column":8},"end":{"line":53,"column":null}},"26":{"start":{"line":54,"column":8},"end":{"line":76,"column":null}},"27":{"start":{"line":55,"column":12},"end":{"line":61,"column":null}},"28":{"start":{"line":62,"column":12},"end":{"line":62,"column":null}},"29":{"start":{"line":63,"column":12},"end":{"line":63,"column":null}},"30":{"start":{"line":64,"column":12},"end":{"line":64,"column":null}},"31":{"start":{"line":66,"column":12},"end":{"line":66,"column":null}},"32":{"start":{"line":67,"column":12},"end":{"line":67,"column":null}},"33":{"start":{"line":68,"column":12},"end":{"line":68,"column":null}},"34":{"start":{"line":69,"column":12},"end":{"line":69,"column":null}},"35":{"start":{"line":70,"column":12},"end":{"line":70,"column":null}},"36":{"start":{"line":72,"column":12},"end":{"line":72,"column":null}},"37":{"start":{"line":73,"column":12},"end":{"line":73,"column":null}},"38":{"start":{"line":75,"column":12},"end":{"line":75,"column":null}},"39":{"start":{"line":79,"column":4},"end":{"line":151,"column":null}},"40":{"start":{"line":94,"column":45},"end":{"line":94,"column":null}},"41":{"start":{"line":100,"column":32},"end":{"line":100,"column":null}},"42":{"start":{"line":108,"column":41},"end":{"line":108,"column":null}},"43":{"start":{"line":119,"column":45},"end":{"line":119,"column":null}},"44":{"start":{"line":129,"column":45},"end":{"line":129,"column":null}},"45":{"start":{"line":138,"column":41},"end":{"line":138,"column":null}}},"fnMap":{"0":{"name":"(anonymous_0)","decl":{"start":{"line":17,"column":65},"end":{"line":17,"column":66}},"loc":{"start":{"line":17,"column":131},"end":{"line":153,"column":null}},"line":17},"1":{"name":"(anonymous_1)","decl":{"start":{"line":27,"column":14},"end":{"line":27,"column":20}},"loc":{"start":{"line":27,"column":20},"end":{"line":33,"column":7}},"line":27},"2":{"name":"(anonymous_2)","decl":{"start":{"line":37,"column":25},"end":{"line":37,"column":32}},"loc":{"start":{"line":37,"column":55},"end":{"line":77,"column":null}},"line":37},"3":{"name":"(anonymous_3)","decl":{"start":{"line":94,"column":38},"end":{"line":94,"column":39}},"loc":{"start":{"line":94,"column":45},"end":{"line":94,"column":null}},"line":94},"4":{"name":"(anonymous_4)","decl":{"start":{"line":99,"column":41},"end":{"line":99,"column":42}},"loc":{"start":{"line":100,"column":32},"end":{"line":100,"column":null}},"line":100},"5":{"name":"(anonymous_5)","decl":{"start":{"line":108,"column":34},"end":{"line":108,"column":35}},"loc":{"start":{"line":108,"column":41},"end":{"line":108,"column":null}},"line":108},"6":{"name":"(anonymous_6)","decl":{"start":{"line":119,"column":38},"end":{"line":119,"column":39}},"loc":{"start":{"line":119,"column":45},"end":{"line":119,"column":null}},"line":119},"7":{"name":"(anonymous_7)","decl":{"start":{"line":129,"column":38},"end":{"line":129,"column":39}},"loc":{"start":{"line":129,"column":45},"end":{"line":129,"column":null}},"line":129},"8":{"name":"(anonymous_8)","decl":{"start":{"line":138,"column":34},"end":{"line":138,"column":35}},"loc":{"start":{"line":138,"column":41},"end":{"line":138,"column":null}},"line":138}},"branchMap":{"0":{"loc":{"start":{"line":28,"column":8},"end":{"line":32,"column":null}},"type":"if","locations":[{"start":{"line":28,"column":8},"end":{"line":32,"column":null}},{"start":{"line":30,"column":15},"end":{"line":32,"column":null}}],"line":28},"1":{"loc":{"start":{"line":35,"column":4},"end":{"line":35,"column":null}},"type":"if","locations":[{"start":{"line":35,"column":4},"end":{"line":35,"column":null}},{"start":{},"end":{}}],"line":35},"2":{"loc":{"start":{"line":40,"column":8},"end":{"line":43,"column":null}},"type":"if","locations":[{"start":{"line":40,"column":8},"end":{"line":43,"column":null}},{"start":{},"end":{}}],"line":40},"3":{"loc":{"start":{"line":40,"column":12},"end":{"line":40,"column":57}},"type":"binary-expr","locations":[{"start":{"line":40,"column":12},"end":{"line":40,"column":29}},{"start":{"line":40,"column":29},"end":{"line":40,"column":46}},{"start":{"line":40,"column":46},"end":{"line":40,"column":57}}],"line":40},"4":{"loc":{"start":{"line":48,"column":8},"end":{"line":51,"column":null}},"type":"if","locations":[{"start":{"line":48,"column":8},"end":{"line":51,"column":null}},{"start":{},"end":{}}],"line":48},"5":{"loc":{"start":{"line":48,"column":12},"end":{"line":48,"column":42}},"type":"binary-expr","locations":[{"start":{"line":48,"column":12},"end":{"line":48,"column":28}},{"start":{"line":48,"column":28},"end":{"line":48,"column":42}}],"line":48},"6":{"loc":{"start":{"line":146,"column":29},"end":{"line":146,"column":null}},"type":"cond-expr","locations":[{"start":{"line":146,"column":39},"end":{"line":146,"column":62}},{"start":{"line":146,"column":62},"end":{"line":146,"column":null}}],"line":146}},"s":{"0":2,"1":27,"2":27,"3":27,"4":27,"5":27,"6":27,"7":27,"8":27,"9":27,"10":8,"11":1,"12":7,"13":27,"14":8,"15":19,"16":2,"17":2,"18":0,"19":0,"20":2,"21":2,"22":2,"23":1,"24":1,"25":1,"26":1,"27":1,"28":1,"29":1,"30":1,"31":1,"32":1,"33":1,"34":1,"35":1,"36":0,"37":0,"38":1,"39":19,"40":2,"41":38,"42":2,"43":2,"44":2,"45":2},"f":{"0":27,"1":8,"2":2,"3":2,"4":38,"5":2,"6":2,"7":2,"8":2},"b":{"0":[1,7],"1":[8,19],"2":[0,2],"3":[2,2,2],"4":[1,1],"5":[2,1],"6":[1,18]},"meta":{"lastBranch":7,"lastFunction":9,"lastStatement":46,"seen":{"s:17:65:153:Infinity":0,"f:17:65:17:66":0,"s:18:14:18:Infinity":1,"s:19:22:19:Infinity":2,"s:20:26:20:Infinity":3,"s:21:24:21:Infinity":4,"s:22:26:22:Infinity":5,"s:23:26:23:Infinity":6,"s:24:32:24:Infinity":7,"s:25:30:25:Infinity":8,"s:27:4:33:Infinity":9,"f:27:14:27:20":1,"b:28:8:32:Infinity:30:15:32:Infinity":0,"s:28:8:32:Infinity":10,"s:29:12:29:Infinity":11,"s:31:12:31:Infinity":12,"b:35:4:35:Infinity:undefined:undefined:undefined:undefined":1,"s:35:4:35:Infinity":13,"s:35:17:35:Infinity":14,"s:37:25:77:Infinity":15,"f:37:25:37:32":2,"s:38:8:38:Infinity":16,"b:40:8:43:Infinity:undefined:undefined:undefined:undefined":2,"s:40:8:43:Infinity":17,"b:40:12:40:29:40:29:40:46:40:46:40:57":3,"s:41:12:41:Infinity":18,"s:42:12:42:Infinity":19,"s:45:24:45:Infinity":20,"s:46:25:46:Infinity":21,"b:48:8:51:Infinity:undefined:undefined:undefined:undefined":4,"s:48:8:51:Infinity":22,"b:48:12:48:28:48:28:48:42":5,"s:49:12:49:Infinity":23,"s:50:12:50:Infinity":24,"s:53:8:53:Infinity":25,"s:54:8:76:Infinity":26,"s:55:12:61:Infinity":27,"s:62:12:62:Infinity":28,"s:63:12:63:Infinity":29,"s:64:12:64:Infinity":30,"s:66:12:66:Infinity":31,"s:67:12:67:Infinity":32,"s:68:12:68:Infinity":33,"s:69:12:69:Infinity":34,"s:70:12:70:Infinity":35,"s:72:12:72:Infinity":36,"s:73:12:73:Infinity":37,"s:75:12:75:Infinity":38,"s:79:4:151:Infinity":39,"f:94:38:94:39":3,"s:94:45:94:Infinity":40,"f:99:41:99:42":4,"s:100:32:100:Infinity":41,"f:108:34:108:35":5,"s:108:41:108:Infinity":42,"f:119:38:119:39":6,"s:119:45:119:Infinity":43,"f:129:38:129:39":7,"s:129:45:129:Infinity":44,"f:138:34:138:35":8,"s:138:41:138:Infinity":45,"b:146:39:146:62:146:62:146:Infinity":6}}}
,"E:\\disqueria-front-react\\src\\components\\catalog\\CreateArtistModal.tsx": {"path":"E:\\disqueria-front-react\\src\\components\\catalog\\CreateArtistModal.tsx","statementMap":{"0":{"start":{"line":15,"column":67},"end":{"line":76,"column":null}},"1":{"start":{"line":16,"column":14},"end":{"line":16,"column":null}},"2":{"start":{"line":17,"column":22},"end":{"line":17,"column":null}},"3":{"start":{"line":18,"column":24},"end":{"line":18,"column":null}},"4":{"start":{"line":19,"column":30},"end":{"line":19,"column":null}},"5":{"start":{"line":20,"column":30},"end":{"line":20,"column":null}},"6":{"start":{"line":22,"column":4},"end":{"line":22,"column":null}},"7":{"start":{"line":22,"column":17},"end":{"line":22,"column":null}},"8":{"start":{"line":24,"column":25},"end":{"line":40,"column":null}},"9":{"start":{"line":25,"column":8},"end":{"line":25,"column":null}},"10":{"start":{"line":26,"column":8},"end":{"line":26,"column":null}},"11":{"start":{"line":27,"column":8},"end":{"line":39,"column":null}},"12":{"start":{"line":28,"column":12},"end":{"line":28,"column":null}},"13":{"start":{"line":29,"column":12},"end":{"line":29,"column":null}},"14":{"start":{"line":30,"column":12},"end":{"line":30,"column":null}},"15":{"start":{"line":31,"column":12},"end":{"line":31,"column":null}},"16":{"start":{"line":32,"column":12},"end":{"line":32,"column":null}},"17":{"start":{"line":33,"column":12},"end":{"line":33,"column":null}},"18":{"start":{"line":35,"column":12},"end":{"line":35,"column":null}},"19":{"start":{"line":36,"column":12},"end":{"line":36,"column":null}},"20":{"start":{"line":38,"column":12},"end":{"line":38,"column":null}},"21":{"start":{"line":42,"column":4},"end":{"line":74,"column":null}},"22":{"start":{"line":55,"column":41},"end":{"line":55,"column":null}},"23":{"start":{"line":62,"column":41},"end":{"line":62,"column":null}}},"fnMap":{"0":{"name":"(anonymous_0)","decl":{"start":{"line":15,"column":67},"end":{"line":15,"column":68}},"loc":{"start":{"line":15,"column":103},"end":{"line":76,"column":null}},"line":15},"1":{"name":"(anonymous_1)","decl":{"start":{"line":24,"column":25},"end":{"line":24,"column":32}},"loc":{"start":{"line":24,"column":55},"end":{"line":40,"column":null}},"line":24},"2":{"name":"(anonymous_2)","decl":{"start":{"line":55,"column":34},"end":{"line":55,"column":35}},"loc":{"start":{"line":55,"column":41},"end":{"line":55,"column":null}},"line":55},"3":{"name":"(anonymous_3)","decl":{"start":{"line":62,"column":34},"end":{"line":62,"column":35}},"loc":{"start":{"line":62,"column":41},"end":{"line":62,"column":null}},"line":62}},"branchMap":{"0":{"loc":{"start":{"line":22,"column":4},"end":{"line":22,"column":null}},"type":"if","locations":[{"start":{"line":22,"column":4},"end":{"line":22,"column":null}},{"start":{},"end":{}}],"line":22},"1":{"loc":{"start":{"line":69,"column":29},"end":{"line":69,"column":null}},"type":"cond-expr","locations":[{"start":{"line":69,"column":39},"end":{"line":69,"column":62}},{"start":{"line":69,"column":62},"end":{"line":69,"column":null}}],"line":69}},"s":{"0":2,"1":16,"2":16,"3":16,"4":16,"5":16,"6":16,"7":5,"8":11,"9":2,"10":2,"11":2,"12":2,"13":1,"14":1,"15":1,"16":1,"17":1,"18":1,"19":1,"20":2,"21":11,"22":2,"23":1},"f":{"0":16,"1":2,"2":2,"3":1},"b":{"0":[5,11],"1":[2,9]},"meta":{"lastBranch":2,"lastFunction":4,"lastStatement":24,"seen":{"s:15:67:76:Infinity":0,"f:15:67:15:68":0,"s:16:14:16:Infinity":1,"s:17:22:17:Infinity":2,"s:18:24:18:Infinity":3,"s:19:30:19:Infinity":4,"s:20:30:20:Infinity":5,"b:22:4:22:Infinity:undefined:undefined:undefined:undefined":0,"s:22:4:22:Infinity":6,"s:22:17:22:Infinity":7,"s:24:25:40:Infinity":8,"f:24:25:24:32":1,"s:25:8:25:Infinity":9,"s:26:8:26:Infinity":10,"s:27:8:39:Infinity":11,"s:28:12:28:Infinity":12,"s:29:12:29:Infinity":13,"s:30:12:30:Infinity":14,"s:31:12:31:Infinity":15,"s:32:12:32:Infinity":16,"s:33:12:33:Infinity":17,"s:35:12:35:Infinity":18,"s:36:12:36:Infinity":19,"s:38:12:38:Infinity":20,"s:42:4:74:Infinity":21,"f:55:34:55:35":2,"s:55:41:55:Infinity":22,"f:62:34:62:35":3,"s:62:41:62:Infinity":23,"b:69:39:69:62:69:62:69:Infinity":1}}}
,"E:\\disqueria-front-react\\src\\components\\ui\\Button.tsx": {"path":"E:\\disqueria-front-react\\src\\components\\ui\\Button.tsx","statementMap":{"0":{"start":{"line":8,"column":45},"end":{"line":38,"column":null}},"1":{"start":{"line":15,"column":22},"end":{"line":15,"column":null}},"2":{"start":{"line":17,"column":21},"end":{"line":22,"column":null}},"3":{"start":{"line":24,"column":18},"end":{"line":28,"column":null}},"4":{"start":{"line":30,"column":4},"end":{"line":36,"column":null}}},"fnMap":{"0":{"name":"(anonymous_0)","decl":{"start":{"line":8,"column":45},"end":{"line":8,"column":46}},"loc":{"start":{"line":14,"column":6},"end":{"line":38,"column":null}},"line":14}},"branchMap":{"0":{"loc":{"start":{"line":9,"column":4},"end":{"line":9,"column":null}},"type":"default-arg","locations":[{"start":{"line":9,"column":14},"end":{"line":9,"column":null}}],"line":9},"1":{"loc":{"start":{"line":10,"column":4},"end":{"line":10,"column":null}},"type":"default-arg","locations":[{"start":{"line":10,"column":11},"end":{"line":10,"column":null}}],"line":10},"2":{"loc":{"start":{"line":11,"column":4},"end":{"line":11,"column":null}},"type":"default-arg","locations":[{"start":{"line":11,"column":16},"end":{"line":11,"column":null}}],"line":11}},"s":{"0":8,"1":128,"2":128,"3":128,"4":128},"f":{"0":128},"b":{"0":[128],"1":[128],"2":[128]},"meta":{"lastBranch":3,"lastFunction":1,"lastStatement":5,"seen":{"s:8:45:38:Infinity":0,"f:8:45:8:46":0,"b:9:14:9:Infinity":0,"b:10:11:10:Infinity":1,"b:11:16:11:Infinity":2,"s:15:22:15:Infinity":1,"s:17:21:22:Infinity":2,"s:24:18:28:Infinity":3,"s:30:4:36:Infinity":4}}}
,"E:\\disqueria-front-react\\src\\components\\ui\\ConfirmationModal.tsx": {"path":"E:\\disqueria-front-react\\src\\components\\ui\\ConfirmationModal.tsx","statementMap":{"0":{"start":{"line":16,"column":67},"end":{"line":66,"column":null}},"1":{"start":{"line":26,"column":4},"end":{"line":26,"column":null}},"2":{"start":{"line":26,"column":17},"end":{"line":26,"column":null}},"3":{"start":{"line":28,"column":4},"end":{"line":64,"column":null}}},"fnMap":{"0":{"name":"(anonymous_0)","decl":{"start":{"line":16,"column":67},"end":{"line":16,"column":68}},"loc":{"start":{"line":25,"column":6},"end":{"line":66,"column":null}},"line":25}},"branchMap":{"0":{"loc":{"start":{"line":22,"column":4},"end":{"line":22,"column":null}},"type":"default-arg","locations":[{"start":{"line":22,"column":18},"end":{"line":22,"column":null}}],"line":22},"1":{"loc":{"start":{"line":23,"column":4},"end":{"line":23,"column":null}},"type":"default-arg","locations":[{"start":{"line":23,"column":17},"end":{"line":23,"column":null}}],"line":23},"2":{"loc":{"start":{"line":24,"column":4},"end":{"line":24,"column":null}},"type":"default-arg","locations":[{"start":{"line":24,"column":16},"end":{"line":24,"column":null}}],"line":24},"3":{"loc":{"start":{"line":26,"column":4},"end":{"line":26,"column":null}},"type":"if","locations":[{"start":{"line":26,"column":4},"end":{"line":26,"column":null}},{"start":{},"end":{}}],"line":26},"4":{"loc":{"start":{"line":60,"column":25},"end":{"line":60,"column":null}},"type":"cond-expr","locations":[{"start":{"line":60,"column":37},"end":{"line":60,"column":55}},{"start":{"line":60,"column":55},"end":{"line":60,"column":null}}],"line":60}},"s":{"0":2,"1":11,"2":6,"3":5},"f":{"0":11},"b":{"0":[11],"1":[11],"2":[11],"3":[6,5],"4":[1,4]},"meta":{"lastBranch":5,"lastFunction":1,"lastStatement":4,"seen":{"s:16:67:66:Infinity":0,"f:16:67:16:68":0,"b:22:18:22:Infinity":0,"b:23:17:23:Infinity":1,"b:24:16:24:Infinity":2,"b:26:4:26:Infinity:undefined:undefined:undefined:undefined":3,"s:26:4:26:Infinity":1,"s:26:17:26:Infinity":2,"s:28:4:64:Infinity":3,"b:60:37:60:55:60:55:60:Infinity":4}}}
,"E:\\disqueria-front-react\\src\\components\\ui\\Input.tsx": {"path":"E:\\disqueria-front-react\\src\\components\\ui\\Input.tsx","statementMap":{"0":{"start":{"line":8,"column":43},"end":{"line":23,"column":null}},"1":{"start":{"line":9,"column":10},"end":{"line":9,"column":null}},"2":{"start":{"line":10,"column":20},"end":{"line":10,"column":null}},"3":{"start":{"line":12,"column":4},"end":{"line":21,"column":null}}},"fnMap":{"0":{"name":"(anonymous_0)","decl":{"start":{"line":8,"column":43},"end":{"line":8,"column":44}},"loc":{"start":{"line":8,"column":95},"end":{"line":23,"column":null}},"line":8}},"branchMap":{"0":{"loc":{"start":{"line":8,"column":60},"end":{"line":8,"column":76}},"type":"default-arg","locations":[{"start":{"line":8,"column":72},"end":{"line":8,"column":76}}],"line":8},"1":{"loc":{"start":{"line":10,"column":20},"end":{"line":10,"column":null}},"type":"binary-expr","locations":[{"start":{"line":10,"column":20},"end":{"line":10,"column":26}},{"start":{"line":10,"column":26},"end":{"line":10,"column":null}}],"line":10},"2":{"loc":{"start":{"line":14,"column":13},"end":{"line":14,"column":null}},"type":"binary-expr","locations":[{"start":{"line":14,"column":13},"end":{"line":14,"column":22}},{"start":{"line":14,"column":22},"end":{"line":14,"column":null}}],"line":14},"3":{"loc":{"start":{"line":17,"column":276},"end":{"line":17,"column":324}},"type":"cond-expr","locations":[{"start":{"line":17,"column":284},"end":{"line":17,"column":322}},{"start":{"line":17,"column":322},"end":{"line":17,"column":324}}],"line":17},"4":{"loc":{"start":{"line":20,"column":13},"end":{"line":20,"column":null}},"type":"binary-expr","locations":[{"start":{"line":20,"column":13},"end":{"line":20,"column":22}},{"start":{"line":20,"column":22},"end":{"line":20,"column":null}}],"line":20}},"s":{"0":6,"1":157,"2":157,"3":157},"f":{"0":157},"b":{"0":[157],"1":[157,157],"2":[157,152],"3":[1,156],"4":[157,1]},"meta":{"lastBranch":5,"lastFunction":1,"lastStatement":4,"seen":{"s:8:43:23:Infinity":0,"f:8:43:8:44":0,"b:8:72:8:76":0,"s:9:10:9:Infinity":1,"s:10:20:10:Infinity":2,"b:10:20:10:26:10:26:10:Infinity":1,"s:12:4:21:Infinity":3,"b:14:13:14:22:14:22:14:Infinity":2,"b:17:284:17:322:17:322:17:324":3,"b:20:13:20:22:20:22:20:Infinity":4}}}
,"E:\\disqueria-front-react\\src\\components\\ui\\LanguageSwitcher.tsx": {"path":"E:\\disqueria-front-react\\src\\components\\ui\\LanguageSwitcher.tsx","statementMap":{"0":{"start":{"line":5,"column":42},"end":{"line":23,"column":null}},"1":{"start":{"line":6,"column":17},"end":{"line":6,"column":null}},"2":{"start":{"line":8,"column":27},"end":{"line":11,"column":null}},"3":{"start":{"line":9,"column":24},"end":{"line":9,"column":null}},"4":{"start":{"line":10,"column":8},"end":{"line":10,"column":null}},"5":{"start":{"line":13,"column":4},"end":{"line":21,"column":null}}},"fnMap":{"0":{"name":"(anonymous_0)","decl":{"start":{"line":5,"column":42},"end":{"line":5,"column":48}},"loc":{"start":{"line":5,"column":48},"end":{"line":23,"column":null}},"line":5},"1":{"name":"(anonymous_1)","decl":{"start":{"line":8,"column":27},"end":{"line":8,"column":33}},"loc":{"start":{"line":8,"column":33},"end":{"line":11,"column":null}},"line":8}},"branchMap":{"0":{"loc":{"start":{"line":9,"column":24},"end":{"line":9,"column":null}},"type":"cond-expr","locations":[{"start":{"line":9,"column":49},"end":{"line":9,"column":56}},{"start":{"line":9,"column":56},"end":{"line":9,"column":null}}],"line":9}},"s":{"0":1,"1":2,"2":2,"3":1,"4":1,"5":2},"f":{"0":2,"1":1},"b":{"0":[1,0]},"meta":{"lastBranch":1,"lastFunction":2,"lastStatement":6,"seen":{"s:5:42:23:Infinity":0,"f:5:42:5:48":0,"s:6:17:6:Infinity":1,"s:8:27:11:Infinity":2,"f:8:27:8:33":1,"s:9:24:9:Infinity":3,"b:9:49:9:56:9:56:9:Infinity":0,"s:10:8:10:Infinity":4,"s:13:4:21:Infinity":5}}}
,"E:\\disqueria-front-react\\src\\components\\ui\\Toast.tsx": {"path":"E:\\disqueria-front-react\\src\\components\\ui\\Toast.tsx","statementMap":{"0":{"start":{"line":13,"column":14},"end":{"line":17,"column":null}},"1":{"start":{"line":19,"column":17},"end":{"line":23,"column":null}},"2":{"start":{"line":25,"column":43},"end":{"line":47,"column":null}},"3":{"start":{"line":26,"column":4},"end":{"line":32,"column":null}},"4":{"start":{"line":27,"column":22},"end":{"line":29,"column":null}},"5":{"start":{"line":28,"column":12},"end":{"line":28,"column":null}},"6":{"start":{"line":31,"column":8},"end":{"line":31,"column":null}},"7":{"start":{"line":31,"column":21},"end":{"line":31,"column":null}},"8":{"start":{"line":34,"column":4},"end":{"line":45,"column":null}},"9":{"start":{"line":39,"column":31},"end":{"line":39,"column":null}}},"fnMap":{"0":{"name":"(anonymous_0)","decl":{"start":{"line":25,"column":43},"end":{"line":25,"column":44}},"loc":{"start":{"line":25,"column":79},"end":{"line":47,"column":null}},"line":25},"1":{"name":"(anonymous_1)","decl":{"start":{"line":26,"column":14},"end":{"line":26,"column":20}},"loc":{"start":{"line":26,"column":20},"end":{"line":32,"column":7}},"line":26},"2":{"name":"(anonymous_2)","decl":{"start":{"line":27,"column":33},"end":{"line":27,"column":39}},"loc":{"start":{"line":27,"column":39},"end":{"line":29,"column":11}},"line":27},"3":{"name":"(anonymous_3)","decl":{"start":{"line":31,"column":15},"end":{"line":31,"column":21}},"loc":{"start":{"line":31,"column":21},"end":{"line":31,"column":null}},"line":31},"4":{"name":"(anonymous_4)","decl":{"start":{"line":39,"column":25},"end":{"line":39,"column":31}},"loc":{"start":{"line":39,"column":31},"end":{"line":39,"column":null}},"line":39}},"branchMap":{},"s":{"0":7,"1":7,"2":7,"3":9,"4":8,"5":1,"6":8,"7":8,"8":9,"9":2},"f":{"0":9,"1":8,"2":1,"3":8,"4":2},"b":{},"meta":{"lastBranch":0,"lastFunction":5,"lastStatement":10,"seen":{"s:13:14:17:Infinity":0,"s:19:17:23:Infinity":1,"s:25:43:47:Infinity":2,"f:25:43:25:44":0,"s:26:4:32:Infinity":3,"f:26:14:26:20":1,"s:27:22:29:Infinity":4,"f:27:33:27:39":2,"s:28:12:28:Infinity":5,"s:31:8:31:Infinity":6,"f:31:15:31:21":3,"s:31:21:31:Infinity":7,"s:34:4:45:Infinity":8,"f:39:25:39:31":4,"s:39:31:39:Infinity":9}}}
,"E:\\disqueria-front-react\\src\\context\\AuthContext.tsx": {"path":"E:\\disqueria-front-react\\src\\context\\AuthContext.tsx","statementMap":{"0":{"start":{"line":11,"column":6},"end":{"line":17,"column":null}},"1":{"start":{"line":19,"column":69},"end":{"line":49,"column":null}},"2":{"start":{"line":20,"column":24},"end":{"line":20,"column":null}},"3":{"start":{"line":21,"column":26},"end":{"line":21,"column":null}},"4":{"start":{"line":23,"column":4},"end":{"line":28,"column":null}},"5":{"start":{"line":24,"column":27},"end":{"line":24,"column":null}},"6":{"start":{"line":25,"column":8},"end":{"line":27,"column":null}},"7":{"start":{"line":26,"column":12},"end":{"line":26,"column":null}},"8":{"start":{"line":30,"column":18},"end":{"line":35,"column":null}},"9":{"start":{"line":31,"column":8},"end":{"line":31,"column":null}},"10":{"start":{"line":32,"column":8},"end":{"line":32,"column":null}},"11":{"start":{"line":33,"column":8},"end":{"line":33,"column":null}},"12":{"start":{"line":34,"column":8},"end":{"line":34,"column":null}},"13":{"start":{"line":37,"column":19},"end":{"line":42,"column":null}},"14":{"start":{"line":38,"column":8},"end":{"line":38,"column":null}},"15":{"start":{"line":39,"column":8},"end":{"line":39,"column":null}},"16":{"start":{"line":40,"column":8},"end":{"line":40,"column":null}},"17":{"start":{"line":41,"column":8},"end":{"line":41,"column":null}},"18":{"start":{"line":44,"column":4},"end":{"line":47,"column":null}},"19":{"start":{"line":51,"column":23},"end":{"line":51,"column":null}}},"fnMap":{"0":{"name":"(anonymous_0)","decl":{"start":{"line":14,"column":11},"end":{"line":14,"column":17}},"loc":{"start":{"line":14,"column":17},"end":{"line":14,"column":null}},"line":14},"1":{"name":"(anonymous_1)","decl":{"start":{"line":15,"column":12},"end":{"line":15,"column":18}},"loc":{"start":{"line":15,"column":18},"end":{"line":15,"column":null}},"line":15},"2":{"name":"(anonymous_2)","decl":{"start":{"line":19,"column":69},"end":{"line":19,"column":70}},"loc":{"start":{"line":19,"column":87},"end":{"line":49,"column":null}},"line":19},"3":{"name":"(anonymous_3)","decl":{"start":{"line":23,"column":14},"end":{"line":23,"column":20}},"loc":{"start":{"line":23,"column":20},"end":{"line":28,"column":7}},"line":23},"4":{"name":"(anonymous_4)","decl":{"start":{"line":30,"column":18},"end":{"line":30,"column":19}},"loc":{"start":{"line":30,"column":54},"end":{"line":35,"column":null}},"line":30},"5":{"name":"(anonymous_5)","decl":{"start":{"line":37,"column":19},"end":{"line":37,"column":25}},"loc":{"start":{"line":37,"column":25},"end":{"line":42,"column":null}},"line":37},"6":{"name":"(anonymous_6)","decl":{"start":{"line":51,"column":23},"end":{"line":51,"column":29}},"loc":{"start":{"line":51,"column":23},"end":{"line":51,"column":null}},"line":51}},"branchMap":{"0":{"loc":{"start":{"line":25,"column":8},"end":{"line":27,"column":null}},"type":"if","locations":[{"start":{"line":25,"column":8},"end":{"line":27,"column":null}},{"start":{},"end":{}}],"line":25}},"s":{"0":2,"1":2,"2":9,"3":9,"4":9,"5":4,"6":4,"7":2,"8":9,"9":2,"10":2,"11":2,"12":2,"13":9,"14":1,"15":1,"16":1,"17":1,"18":9,"19":9},"f":{"0":0,"1":0,"2":9,"3":4,"4":2,"5":1,"6":9},"b":{"0":[2,2]},"meta":{"lastBranch":1,"lastFunction":7,"lastStatement":20,"seen":{"s:11:6:17:Infinity":0,"f:14:11:14:17":0,"f:15:12:15:18":1,"s:19:69:49:Infinity":1,"f:19:69:19:70":2,"s:20:24:20:Infinity":2,"s:21:26:21:Infinity":3,"s:23:4:28:Infinity":4,"f:23:14:23:20":3,"s:24:27:24:Infinity":5,"b:25:8:27:Infinity:undefined:undefined:undefined:undefined":0,"s:25:8:27:Infinity":6,"s:26:12:26:Infinity":7,"s:30:18:35:Infinity":8,"f:30:18:30:19":4,"s:31:8:31:Infinity":9,"s:32:8:32:Infinity":10,"s:33:8:33:Infinity":11,"s:34:8:34:Infinity":12,"s:37:19:42:Infinity":13,"f:37:19:37:25":5,"s:38:8:38:Infinity":14,"s:39:8:39:Infinity":15,"s:40:8:40:Infinity":16,"s:41:8:41:Infinity":17,"s:44:4:47:Infinity":18,"s:51:23:51:Infinity":19,"f:51:23:51:29":6}}}
,"E:\\disqueria-front-react\\src\\context\\ToastContext.tsx": {"path":"E:\\disqueria-front-react\\src\\context\\ToastContext.tsx","statementMap":{"0":{"start":{"line":8,"column":6},"end":{"line":8,"column":null}},"1":{"start":{"line":10,"column":70},"end":{"line":40,"column":null}},"2":{"start":{"line":11,"column":28},"end":{"line":11,"column":null}},"3":{"start":{"line":13,"column":10},"end":{"line":16,"column":null}},"4":{"start":{"line":14,"column":19},"end":{"line":14,"column":null}},"5":{"start":{"line":15,"column":8},"end":{"line":15,"column":null}},"6":{"start":{"line":15,"column":28},"end":{"line":15,"column":60}},"7":{"start":{"line":18,"column":10},"end":{"line":20,"column":null}},"8":{"start":{"line":19,"column":8},"end":{"line":19,"column":null}},"9":{"start":{"line":19,"column":28},"end":{"line":19,"column":67}},"10":{"start":{"line":19,"column":51},"end":{"line":19,"column":66}},"11":{"start":{"line":22,"column":4},"end":{"line":38,"column":null}},"12":{"start":{"line":28,"column":24},"end":{"line":34,"column":null}},"13":{"start":{"line":42,"column":24},"end":{"line":48,"column":null}},"14":{"start":{"line":43,"column":10},"end":{"line":43,"column":null}},"15":{"start":{"line":44,"column":4},"end":{"line":46,"column":null}},"16":{"start":{"line":45,"column":8},"end":{"line":45,"column":null}},"17":{"start":{"line":47,"column":4},"end":{"line":47,"column":null}}},"fnMap":{"0":{"name":"(anonymous_0)","decl":{"start":{"line":10,"column":70},"end":{"line":10,"column":71}},"loc":{"start":{"line":10,"column":88},"end":{"line":40,"column":null}},"line":10},"1":{"name":"(anonymous_1)","decl":{"start":{"line":13,"column":34},"end":{"line":13,"column":35}},"loc":{"start":{"line":13,"column":72},"end":{"line":16,"column":7}},"line":13},"2":{"name":"(anonymous_2)","decl":{"start":{"line":15,"column":18},"end":{"line":15,"column":19}},"loc":{"start":{"line":15,"column":28},"end":{"line":15,"column":60}},"line":15},"3":{"name":"(anonymous_3)","decl":{"start":{"line":18,"column":36},"end":{"line":18,"column":37}},"loc":{"start":{"line":18,"column":52},"end":{"line":20,"column":7}},"line":18},"4":{"name":"(anonymous_4)","decl":{"start":{"line":19,"column":18},"end":{"line":19,"column":19}},"loc":{"start":{"line":19,"column":28},"end":{"line":19,"column":67}},"line":19},"5":{"name":"(anonymous_5)","decl":{"start":{"line":19,"column":40},"end":{"line":19,"column":41}},"loc":{"start":{"line":19,"column":51},"end":{"line":19,"column":66}},"line":19},"6":{"name":"(anonymous_6)","decl":{"start":{"line":27,"column":32},"end":{"line":27,"column":33}},"loc":{"start":{"line":28,"column":24},"end":{"line":34,"column":null}},"line":28},"7":{"name":"(anonymous_7)","decl":{"start":{"line":42,"column":24},"end":{"line":42,"column":30}},"loc":{"start":{"line":42,"column":30},"end":{"line":48,"column":null}},"line":42}},"branchMap":{"0":{"loc":{"start":{"line":44,"column":4},"end":{"line":46,"column":null}},"type":"if","locations":[{"start":{"line":44,"column":4},"end":{"line":46,"column":null}},{"start":{},"end":{}}],"line":44}},"s":{"0":1,"1":1,"2":5,"3":5,"4":2,"5":2,"6":2,"7":5,"8":1,"9":1,"10":1,"11":5,"12":2,"13":1,"14":8,"15":8,"16":2,"17":5},"f":{"0":5,"1":2,"2":2,"3":1,"4":1,"5":1,"6":2,"7":8},"b":{"0":[2,6]},"meta":{"lastBranch":1,"lastFunction":8,"lastStatement":18,"seen":{"s:8:6:8:Infinity":0,"s:10:70:40:Infinity":1,"f:10:70:10:71":0,"s:11:28:11:Infinity":2,"s:13:10:16:Infinity":3,"f:13:34:13:35":1,"s:14:19:14:Infinity":4,"s:15:8:15:Infinity":5,"f:15:18:15:19":2,"s:15:28:15:60":6,"s:18:10:20:Infinity":7,"f:18:36:18:37":3,"s:19:8:19:Infinity":8,"f:19:18:19:19":4,"s:19:28:19:67":9,"f:19:40:19:41":5,"s:19:51:19:66":10,"s:22:4:38:Infinity":11,"f:27:32:27:33":6,"s:28:24:34:Infinity":12,"s:42:24:48:Infinity":13,"f:42:24:42:30":7,"s:43:10:43:Infinity":14,"b:44:4:46:Infinity:undefined:undefined:undefined:undefined":0,"s:44:4:46:Infinity":15,"s:45:8:45:Infinity":16,"s:47:4:47:Infinity":17}}}
,"E:\\disqueria-front-react\\src\\pages\\CatalogPage.tsx": {"path":"E:\\disqueria-front-react\\src\\pages\\CatalogPage.tsx","statementMap":{"0":{"start":{"line":13,"column":27},"end":{"line":256,"column":null}},"1":{"start":{"line":14,"column":14},"end":{"line":14,"column":null}},"2":{"start":{"line":15,"column":30},"end":{"line":15,"column":null}},"3":{"start":{"line":16,"column":28},"end":{"line":16,"column":null}},"4":{"start":{"line":17,"column":30},"end":{"line":17,"column":null}},"5":{"start":{"line":18,"column":36},"end":{"line":18,"column":null}},"6":{"start":{"line":19,"column":50},"end":{"line":19,"column":null}},"7":{"start":{"line":20,"column":48},"end":{"line":20,"column":null}},"8":{"start":{"line":21,"column":48},"end":{"line":21,"column":null}},"9":{"start":{"line":22,"column":17},"end":{"line":22,"column":null}},"10":{"start":{"line":23,"column":22},"end":{"line":23,"column":null}},"11":{"start":{"line":25,"column":30},"end":{"line":28,"column":null}},"12":{"start":{"line":26,"column":8},"end":{"line":26,"column":null}},"13":{"start":{"line":27,"column":8},"end":{"line":27,"column":null}},"14":{"start":{"line":30,"column":22},"end":{"line":44,"column":null}},"15":{"start":{"line":31,"column":8},"end":{"line":31,"column":null}},"16":{"start":{"line":32,"column":8},"end":{"line":43,"column":null}},"17":{"start":{"line":33,"column":46},"end":{"line":36,"column":null}},"18":{"start":{"line":37,"column":12},"end":{"line":37,"column":null}},"19":{"start":{"line":38,"column":12},"end":{"line":38,"column":null}},"20":{"start":{"line":40,"column":12},"end":{"line":40,"column":null}},"21":{"start":{"line":42,"column":12},"end":{"line":42,"column":null}},"22":{"start":{"line":46,"column":4},"end":{"line":48,"column":null}},"23":{"start":{"line":47,"column":8},"end":{"line":47,"column":null}},"24":{"start":{"line":51,"column":28},"end":{"line":58,"column":null}},"25":{"start":{"line":52,"column":30},"end":{"line":52,"column":null}},"26":{"start":{"line":53,"column":29},"end":{"line":53,"column":null}},"27":{"start":{"line":53,"column":48},"end":{"line":53,"column":74}},"28":{"start":{"line":54,"column":33},"end":{"line":56,"column":null}},"29":{"start":{"line":55,"column":12},"end":{"line":55,"column":null}},"30":{"start":{"line":57,"column":8},"end":{"line":57,"column":null}},"31":{"start":{"line":61,"column":44},"end":{"line":61,"column":null}},"32":{"start":{"line":62,"column":52},"end":{"line":62,"column":null}},"33":{"start":{"line":63,"column":32},"end":{"line":63,"column":null}},"34":{"start":{"line":65,"column":27},"end":{"line":68,"column":null}},"35":{"start":{"line":66,"column":8},"end":{"line":66,"column":null}},"36":{"start":{"line":67,"column":8},"end":{"line":67,"column":null}},"37":{"start":{"line":70,"column":28},"end":{"line":96,"column":null}},"38":{"start":{"line":71,"column":8},"end":{"line":71,"column":null}},"39":{"start":{"line":71,"column":33},"end":{"line":71,"column":null}},"40":{"start":{"line":73,"column":23},"end":{"line":73,"column":null}},"41":{"start":{"line":75,"column":8},"end":{"line":79,"column":null}},"42":{"start":{"line":76,"column":12},"end":{"line":76,"column":null}},"43":{"start":{"line":77,"column":12},"end":{"line":77,"column":null}},"44":{"start":{"line":78,"column":12},"end":{"line":78,"column":null}},"45":{"start":{"line":81,"column":8},"end":{"line":81,"column":null}},"46":{"start":{"line":82,"column":8},"end":{"line":95,"column":null}},"47":{"start":{"line":83,"column":12},"end":{"line":86,"column":null}},"48":{"start":{"line":87,"column":12},"end":{"line":87,"column":null}},"49":{"start":{"line":88,"column":12},"end":{"line":88,"column":null}},"50":{"start":{"line":89,"column":12},"end":{"line":89,"column":null}},"51":{"start":{"line":91,"column":12},"end":{"line":91,"column":null}},"52":{"start":{"line":92,"column":12},"end":{"line":92,"column":null}},"53":{"start":{"line":94,"column":12},"end":{"line":94,"column":null}},"54":{"start":{"line":98,"column":4},"end":{"line":104,"column":null}},"55":{"start":{"line":99,"column":8},"end":{"line":102,"column":null}},"56":{"start":{"line":106,"column":4},"end":{"line":254,"column":null}},"57":{"start":{"line":115,"column":43},"end":{"line":115,"column":71}},"58":{"start":{"line":118,"column":43},"end":{"line":118,"column":64}},"59":{"start":{"line":131,"column":41},"end":{"line":131,"column":null}},"60":{"start":{"line":137,"column":43},"end":{"line":137,"column":null}},"61":{"start":{"line":159,"column":45},"end":{"line":159,"column":null}},"62":{"start":{"line":159,"column":64},"end":{"line":159,"column":90}},"63":{"start":{"line":160,"column":50},"end":{"line":160,"column":null}},"64":{"start":{"line":160,"column":68},"end":{"line":160,"column":null}},"65":{"start":{"line":162,"column":20},"end":{"line":224,"column":null}},"66":{"start":{"line":178,"column":51},"end":{"line":178,"column":null}},"67":{"start":{"line":190,"column":66},"end":{"line":190,"column":null}},"68":{"start":{"line":191,"column":44},"end":{"line":218,"column":null}},"69":{"start":{"line":214,"column":160},"end":{"line":214,"column":183}},"70":{"start":{"line":232,"column":31},"end":{"line":232,"column":null}},"71":{"start":{"line":238,"column":31},"end":{"line":238,"column":null}},"72":{"start":{"line":246,"column":31},"end":{"line":246,"column":null}}},"fnMap":{"0":{"name":"(anonymous_0)","decl":{"start":{"line":13,"column":27},"end":{"line":13,"column":33}},"loc":{"start":{"line":13,"column":33},"end":{"line":256,"column":null}},"line":13},"1":{"name":"(anonymous_1)","decl":{"start":{"line":25,"column":30},"end":{"line":25,"column":31}},"loc":{"start":{"line":25,"column":53},"end":{"line":28,"column":null}},"line":25},"2":{"name":"(anonymous_2)","decl":{"start":{"line":30,"column":22},"end":{"line":30,"column":34}},"loc":{"start":{"line":30,"column":34},"end":{"line":44,"column":null}},"line":30},"3":{"name":"(anonymous_3)","decl":{"start":{"line":46,"column":14},"end":{"line":46,"column":20}},"loc":{"start":{"line":46,"column":20},"end":{"line":48,"column":7}},"line":46},"4":{"name":"(anonymous_4)","decl":{"start":{"line":51,"column":43},"end":{"line":51,"column":53}},"loc":{"start":{"line":51,"column":53},"end":{"line":58,"column":5}},"line":51},"5":{"name":"(anonymous_5)","decl":{"start":{"line":53,"column":43},"end":{"line":53,"column":48}},"loc":{"start":{"line":53,"column":48},"end":{"line":53,"column":74}},"line":53},"6":{"name":"(anonymous_6)","decl":{"start":{"line":54,"column":51},"end":{"line":54,"column":null}},"loc":{"start":{"line":55,"column":12},"end":{"line":55,"column":null}},"line":55},"7":{"name":"(anonymous_7)","decl":{"start":{"line":65,"column":27},"end":{"line":65,"column":28}},"loc":{"start":{"line":65,"column":43},"end":{"line":68,"column":null}},"line":65},"8":{"name":"(anonymous_8)","decl":{"start":{"line":70,"column":28},"end":{"line":70,"column":40}},"loc":{"start":{"line":70,"column":40},"end":{"line":96,"column":null}},"line":70},"9":{"name":"(anonymous_9)","decl":{"start":{"line":115,"column":37},"end":{"line":115,"column":43}},"loc":{"start":{"line":115,"column":43},"end":{"line":115,"column":71}},"line":115},"10":{"name":"(anonymous_10)","decl":{"start":{"line":118,"column":37},"end":{"line":118,"column":43}},"loc":{"start":{"line":118,"column":43},"end":{"line":118,"column":64}},"line":118},"11":{"name":"(anonymous_11)","decl":{"start":{"line":131,"column":34},"end":{"line":131,"column":35}},"loc":{"start":{"line":131,"column":41},"end":{"line":131,"column":null}},"line":131},"12":{"name":"(anonymous_12)","decl":{"start":{"line":137,"column":37},"end":{"line":137,"column":43}},"loc":{"start":{"line":137,"column":43},"end":{"line":137,"column":null}},"line":137},"13":{"name":"(anonymous_13)","decl":{"start":{"line":158,"column":40},"end":{"line":158,"column":41}},"loc":{"start":{"line":158,"column":52},"end":{"line":226,"column":21}},"line":158},"14":{"name":"(anonymous_14)","decl":{"start":{"line":159,"column":59},"end":{"line":159,"column":64}},"loc":{"start":{"line":159,"column":64},"end":{"line":159,"column":90}},"line":159},"15":{"name":"(anonymous_15)","decl":{"start":{"line":160,"column":50},"end":{"line":160,"column":51}},"loc":{"start":{"line":160,"column":68},"end":{"line":160,"column":null}},"line":160},"16":{"name":"(anonymous_16)","decl":{"start":{"line":178,"column":45},"end":{"line":178,"column":51}},"loc":{"start":{"line":178,"column":51},"end":{"line":178,"column":null}},"line":178},"17":{"name":"(anonymous_17)","decl":{"start":{"line":189,"column":58},"end":{"line":189,"column":59}},"loc":{"start":{"line":189,"column":69},"end":{"line":220,"column":41}},"line":189},"18":{"name":"(anonymous_18)","decl":{"start":{"line":214,"column":154},"end":{"line":214,"column":160}},"loc":{"start":{"line":214,"column":160},"end":{"line":214,"column":183}},"line":214},"19":{"name":"(anonymous_19)","decl":{"start":{"line":232,"column":25},"end":{"line":232,"column":31}},"loc":{"start":{"line":232,"column":31},"end":{"line":232,"column":null}},"line":232},"20":{"name":"(anonymous_20)","decl":{"start":{"line":238,"column":25},"end":{"line":238,"column":31}},"loc":{"start":{"line":238,"column":31},"end":{"line":238,"column":null}},"line":238},"21":{"name":"(anonymous_21)","decl":{"start":{"line":246,"column":25},"end":{"line":246,"column":31}},"loc":{"start":{"line":246,"column":31},"end":{"line":246,"column":null}},"line":246}},"branchMap":{"0":{"loc":{"start":{"line":26,"column":28},"end":{"line":26,"column":44}},"type":"binary-expr","locations":[{"start":{"line":26,"column":28},"end":{"line":26,"column":40}},{"start":{"line":26,"column":40},"end":{"line":26,"column":44}}],"line":26},"1":{"loc":{"start":{"line":57,"column":15},"end":{"line":57,"column":null}},"type":"binary-expr","locations":[{"start":{"line":57,"column":15},"end":{"line":57,"column":32}},{"start":{"line":57,"column":32},"end":{"line":57,"column":null}}],"line":57},"2":{"loc":{"start":{"line":71,"column":8},"end":{"line":71,"column":null}},"type":"if","locations":[{"start":{"line":71,"column":8},"end":{"line":71,"column":null}},{"start":{},"end":{}}],"line":71},"3":{"loc":{"start":{"line":73,"column":23},"end":{"line":73,"column":null}},"type":"binary-expr","locations":[{"start":{"line":73,"column":23},"end":{"line":73,"column":35}},{"start":{"line":73,"column":35},"end":{"line":73,"column":null}}],"line":73},"4":{"loc":{"start":{"line":75,"column":8},"end":{"line":79,"column":null}},"type":"if","locations":[{"start":{"line":75,"column":8},"end":{"line":79,"column":null}},{"start":{},"end":{}}],"line":75},"5":{"loc":{"start":{"line":98,"column":4},"end":{"line":104,"column":null}},"type":"if","locations":[{"start":{"line":98,"column":4},"end":{"line":104,"column":null}},{"start":{},"end":{}}],"line":98},"6":{"loc":{"start":{"line":135,"column":21},"end":{"line":141,"column":null}},"type":"binary-expr","locations":[{"start":{"line":135,"column":21},"end":{"line":135,"column":null}},{"start":{"line":136,"column":24},"end":{"line":141,"column":null}}],"line":135},"7":{"loc":{"start":{"line":144,"column":17},"end":{"line":147,"column":null}},"type":"binary-expr","locations":[{"start":{"line":144,"column":17},"end":{"line":144,"column":null}},{"start":{"line":145,"column":20},"end":{"line":147,"column":null}}],"line":144},"8":{"loc":{"start":{"line":152,"column":17},"end":{"line":226,"column":null}},"type":"cond-expr","locations":[{"start":{"line":153,"column":20},"end":{"line":156,"column":null}},{"start":{"line":158,"column":20},"end":{"line":226,"column":null}}],"line":152},"9":{"loc":{"start":{"line":170,"column":37},"end":{"line":171,"column":null}},"type":"binary-expr","locations":[{"start":{"line":170,"column":37},"end":{"line":170,"column":null}},{"start":{"line":171,"column":40},"end":{"line":171,"column":null}}],"line":170},"10":{"loc":{"start":{"line":185,"column":33},"end":{"line":221,"column":null}},"type":"cond-expr","locations":[{"start":{"line":186,"column":36},"end":{"line":186,"column":null}},{"start":{"line":188,"column":36},"end":{"line":221,"column":null}}],"line":185},"11":{"loc":{"start":{"line":190,"column":66},"end":{"line":190,"column":null}},"type":"binary-expr","locations":[{"start":{"line":190,"column":66},"end":{"line":190,"column":80}},{"start":{"line":190,"column":80},"end":{"line":190,"column":null}}],"line":190},"12":{"loc":{"start":{"line":195,"column":56},"end":{"line":197,"column":null}},"type":"cond-expr","locations":[{"start":{"line":196,"column":62},"end":{"line":196,"column":null}},{"start":{"line":197,"column":62},"end":{"line":197,"column":null}}],"line":195},"13":{"loc":{"start":{"line":206,"column":64},"end":{"line":206,"column":null}},"type":"cond-expr","locations":[{"start":{"line":206,"column":80},"end":{"line":206,"column":101}},{"start":{"line":206,"column":101},"end":{"line":206,"column":null}}],"line":206},"14":{"loc":{"start":{"line":249,"column":25},"end":{"line":249,"column":null}},"type":"cond-expr","locations":[{"start":{"line":249,"column":46},"end":{"line":249,"column":153}},{"start":{"line":249,"column":153},"end":{"line":249,"column":null}}],"line":249}},"s":{"0":1,"1":8,"2":8,"3":8,"4":8,"5":8,"6":8,"7":8,"8":8,"9":8,"10":8,"11":8,"12":0,"13":0,"14":8,"15":3,"16":3,"17":3,"18":3,"19":3,"20":0,"21":3,"22":8,"23":3,"24":8,"25":10,"26":10,"27":20,"28":10,"29":10,"30":10,"31":8,"32":8,"33":8,"34":8,"35":0,"36":0,"37":8,"38":0,"39":0,"40":0,"41":0,"42":0,"43":0,"44":0,"45":0,"46":0,"47":0,"48":0,"49":0,"50":0,"51":0,"52":0,"53":0,"54":8,"55":3,"56":5,"57":1,"58":0,"59":1,"60":0,"61":9,"62":18,"63":9,"64":1,"65":9,"66":0,"67":9,"68":9,"69":0,"70":0,"71":0,"72":0},"f":{"0":8,"1":0,"2":3,"3":3,"4":10,"5":20,"6":10,"7":0,"8":0,"9":1,"10":0,"11":1,"12":0,"13":9,"14":18,"15":1,"16":0,"17":9,"18":0,"19":0,"20":0,"21":0},"b":{"0":[0,0],"1":[10,1],"2":[0,0],"3":[0,0],"4":[0,0],"5":[3,5],"6":[5,1],"7":[8,1],"8":[0,5],"9":[9,9],"10":[0,9],"11":[9,1],"12":[0,9],"13":[0,9],"14":[0,5]},"meta":{"lastBranch":15,"lastFunction":22,"lastStatement":73,"seen":{"s:13:27:256:Infinity":0,"f:13:27:13:33":0,"s:14:14:14:Infinity":1,"s:15:30:15:Infinity":2,"s:16:28:16:Infinity":3,"s:17:30:17:Infinity":4,"s:18:36:18:Infinity":5,"s:19:50:19:Infinity":6,"s:20:48:20:Infinity":7,"s:21:48:21:Infinity":8,"s:22:17:22:Infinity":9,"s:23:22:23:Infinity":10,"s:25:30:28:Infinity":11,"f:25:30:25:31":1,"s:26:8:26:Infinity":12,"b:26:28:26:40:26:40:26:44":0,"s:27:8:27:Infinity":13,"s:30:22:44:Infinity":14,"f:30:22:30:34":2,"s:31:8:31:Infinity":15,"s:32:8:43:Infinity":16,"s:33:46:36:Infinity":17,"s:37:12:37:Infinity":18,"s:38:12:38:Infinity":19,"s:40:12:40:Infinity":20,"s:42:12:42:Infinity":21,"s:46:4:48:Infinity":22,"f:46:14:46:20":3,"s:47:8:47:Infinity":23,"s:51:28:58:Infinity":24,"f:51:43:51:53":4,"s:52:30:52:Infinity":25,"s:53:29:53:Infinity":26,"f:53:43:53:48":5,"s:53:48:53:74":27,"s:54:33:56:Infinity":28,"f:54:51:54:Infinity":6,"s:55:12:55:Infinity":29,"s:57:8:57:Infinity":30,"b:57:15:57:32:57:32:57:Infinity":1,"s:61:44:61:Infinity":31,"s:62:52:62:Infinity":32,"s:63:32:63:Infinity":33,"s:65:27:68:Infinity":34,"f:65:27:65:28":7,"s:66:8:66:Infinity":35,"s:67:8:67:Infinity":36,"s:70:28:96:Infinity":37,"f:70:28:70:40":8,"b:71:8:71:Infinity:undefined:undefined:undefined:undefined":2,"s:71:8:71:Infinity":38,"s:71:33:71:Infinity":39,"s:73:23:73:Infinity":40,"b:73:23:73:35:73:35:73:Infinity":3,"b:75:8:79:Infinity:undefined:undefined:undefined:undefined":4,"s:75:8:79:Infinity":41,"s:76:12:76:Infinity":42,"s:77:12:77:Infinity":43,"s:78:12:78:Infinity":44,"s:81:8:81:Infinity":45,"s:82:8:95:Infinity":46,"s:83:12:86:Infinity":47,"s:87:12:87:Infinity":48,"s:88:12:88:Infinity":49,"s:89:12:89:Infinity":50,"s:91:12:91:Infinity":51,"s:92:12:92:Infinity":52,"s:94:12:94:Infinity":53,"b:98:4:104:Infinity:undefined:undefined:undefined:undefined":5,"s:98:4:104:Infinity":54,"s:99:8:102:Infinity":55,"s:106:4:254:Infinity":56,"f:115:37:115:43":9,"s:115:43:115:71":57,"f:118:37:118:43":10,"s:118:43:118:64":58,"f:131:34:131:35":11,"s:131:41:131:Infinity":59,"b:135:21:135:Infinity:136:24:141:Infinity":6,"f:137:37:137:43":12,"s:137:43:137:Infinity":60,"b:144:17:144:Infinity:145:20:147:Infinity":7,"b:153:20:156:Infinity:158:20:226:Infinity":8,"f:158:40:158:41":13,"s:159:45:159:Infinity":61,"f:159:59:159:64":14,"s:159:64:159:90":62,"s:160:50:160:Infinity":63,"f:160:50:160:51":15,"s:160:68:160:Infinity":64,"s:162:20:224:Infinity":65,"b:170:37:170:Infinity:171:40:171:Infinity":9,"f:178:45:178:51":16,"s:178:51:178:Infinity":66,"b:186:36:186:Infinity:188:36:221:Infinity":10,"f:189:58:189:59":17,"s:190:66:190:Infinity":67,"b:190:66:190:80:190:80:190:Infinity":11,"s:191:44:218:Infinity":68,"b:196:62:196:Infinity:197:62:197:Infinity":12,"b:206:80:206:101:206:101:206:Infinity":13,"f:214:154:214:160":18,"s:214:160:214:183":69,"f:232:25:232:31":19,"s:232:31:232:Infinity":70,"f:238:25:238:31":20,"s:238:31:238:Infinity":71,"f:246:25:246:31":21,"s:246:31:246:Infinity":72,"b:249:46:249:153:249:153:249:Infinity":14}}}
,"E:\\disqueria-front-react\\src\\pages\\LoginPage.tsx": {"path":"E:\\disqueria-front-react\\src\\pages\\LoginPage.tsx","statementMap":{"0":{"start":{"line":10,"column":25},"end":{"line":94,"column":null}},"1":{"start":{"line":11,"column":14},"end":{"line":11,"column":null}},"2":{"start":{"line":12,"column":26},"end":{"line":12,"column":null}},"3":{"start":{"line":13,"column":32},"end":{"line":13,"column":null}},"4":{"start":{"line":14,"column":26},"end":{"line":14,"column":null}},"5":{"start":{"line":15,"column":18},"end":{"line":15,"column":null}},"6":{"start":{"line":16,"column":10},"end":{"line":16,"column":null}},"7":{"start":{"line":17,"column":34},"end":{"line":17,"column":null}},"8":{"start":{"line":19,"column":25},"end":{"line":48,"column":null}},"9":{"start":{"line":20,"column":8},"end":{"line":20,"column":null}},"10":{"start":{"line":21,"column":8},"end":{"line":21,"column":null}},"11":{"start":{"line":22,"column":8},"end":{"line":22,"column":null}},"12":{"start":{"line":24,"column":8},"end":{"line":47,"column":null}},"13":{"start":{"line":25,"column":25},"end":{"line":25,"column":null}},"14":{"start":{"line":27,"column":30},"end":{"line":27,"column":null}},"15":{"start":{"line":28,"column":27},"end":{"line":28,"column":null}},"16":{"start":{"line":29,"column":32},"end":{"line":31,"column":null}},"17":{"start":{"line":30,"column":16},"end":{"line":30,"column":null}},"18":{"start":{"line":33,"column":28},"end":{"line":33,"column":null}},"19":{"start":{"line":34,"column":31},"end":{"line":39,"column":null}},"20":{"start":{"line":41,"column":12},"end":{"line":41,"column":null}},"21":{"start":{"line":42,"column":12},"end":{"line":42,"column":null}},"22":{"start":{"line":44,"column":12},"end":{"line":44,"column":null}},"23":{"start":{"line":46,"column":12},"end":{"line":46,"column":null}},"24":{"start":{"line":50,"column":4},"end":{"line":92,"column":null}},"25":{"start":{"line":67,"column":41},"end":{"line":67,"column":null}},"26":{"start":{"line":75,"column":41},"end":{"line":75,"column":null}}},"fnMap":{"0":{"name":"(anonymous_0)","decl":{"start":{"line":10,"column":25},"end":{"line":10,"column":31}},"loc":{"start":{"line":10,"column":31},"end":{"line":94,"column":null}},"line":10},"1":{"name":"(anonymous_1)","decl":{"start":{"line":19,"column":25},"end":{"line":19,"column":32}},"loc":{"start":{"line":19,"column":55},"end":{"line":48,"column":null}},"line":19},"2":{"name":"(anonymous_2)","decl":{"start":{"line":29,"column":85},"end":{"line":29,"column":95}},"loc":{"start":{"line":29,"column":98},"end":{"line":31,"column":13}},"line":29},"3":{"name":"(anonymous_3)","decl":{"start":{"line":67,"column":34},"end":{"line":67,"column":35}},"loc":{"start":{"line":67,"column":41},"end":{"line":67,"column":null}},"line":67},"4":{"name":"(anonymous_4)","decl":{"start":{"line":75,"column":34},"end":{"line":75,"column":35}},"loc":{"start":{"line":75,"column":41},"end":{"line":75,"column":null}},"line":75}},"branchMap":{"0":{"loc":{"start":{"line":37,"column":23},"end":{"line":37,"column":null}},"type":"binary-expr","locations":[{"start":{"line":37,"column":23},"end":{"line":37,"column":43}},{"start":{"line":37,"column":43},"end":{"line":37,"column":null}}],"line":37},"1":{"loc":{"start":{"line":38,"column":22},"end":{"line":38,"column":null}},"type":"binary-expr","locations":[{"start":{"line":38,"column":22},"end":{"line":38,"column":41}},{"start":{"line":38,"column":41},"end":{"line":38,"column":null}}],"line":38},"2":{"loc":{"start":{"line":44,"column":21},"end":{"line":44,"column":80}},"type":"binary-expr","locations":[{"start":{"line":44,"column":21},"end":{"line":44,"column":52}},{"start":{"line":44,"column":52},"end":{"line":44,"column":80}}],"line":44},"3":{"loc":{"start":{"line":55,"column":17},"end":{"line":59,"column":null}},"type":"binary-expr","locations":[{"start":{"line":55,"column":17},"end":{"line":55,"column":null}},{"start":{"line":56,"column":20},"end":{"line":59,"column":null}}],"line":55},"4":{"loc":{"start":{"line":81,"column":25},"end":{"line":81,"column":null}},"type":"cond-expr","locations":[{"start":{"line":81,"column":37},"end":{"line":81,"column":59}},{"start":{"line":81,"column":59},"end":{"line":81,"column":null}}],"line":81}},"s":{"0":1,"1":11,"2":11,"3":11,"4":11,"5":11,"6":11,"7":11,"8":11,"9":2,"10":2,"11":2,"12":2,"13":2,"14":1,"15":1,"16":1,"17":36,"18":1,"19":1,"20":2,"21":2,"22":1,"23":2,"24":11,"25":2,"26":2},"f":{"0":11,"1":2,"2":36,"3":2,"4":2},"b":{"0":[1,0],"1":[2,1],"2":[1,0],"3":[11,1],"4":[2,9]},"meta":{"lastBranch":5,"lastFunction":5,"lastStatement":27,"seen":{"s:10:25:94:Infinity":0,"f:10:25:10:31":0,"s:11:14:11:Infinity":1,"s:12:26:12:Infinity":2,"s:13:32:13:Infinity":3,"s:14:26:14:Infinity":4,"s:15:18:15:Infinity":5,"s:16:10:16:Infinity":6,"s:17:34:17:Infinity":7,"s:19:25:48:Infinity":8,"f:19:25:19:32":1,"s:20:8:20:Infinity":9,"s:21:8:21:Infinity":10,"s:22:8:22:Infinity":11,"s:24:8:47:Infinity":12,"s:25:25:25:Infinity":13,"s:27:30:27:Infinity":14,"s:28:27:28:Infinity":15,"s:29:32:31:Infinity":16,"f:29:85:29:95":2,"s:30:16:30:Infinity":17,"s:33:28:33:Infinity":18,"s:34:31:39:Infinity":19,"b:37:23:37:43:37:43:37:Infinity":0,"b:38:22:38:41:38:41:38:Infinity":1,"s:41:12:41:Infinity":20,"s:42:12:42:Infinity":21,"s:44:12:44:Infinity":22,"b:44:21:44:52:44:52:44:80":2,"s:46:12:46:Infinity":23,"s:50:4:92:Infinity":24,"b:55:17:55:Infinity:56:20:59:Infinity":3,"f:67:34:67:35":3,"s:67:41:67:Infinity":25,"f:75:34:75:35":4,"s:75:41:75:Infinity":26,"b:81:37:81:59:81:59:81:Infinity":4}}}
,"E:\\disqueria-front-react\\src\\pages\\OrdersPage.tsx": {"path":"E:\\disqueria-front-react\\src\\pages\\OrdersPage.tsx","statementMap":{"0":{"start":{"line":10,"column":26},"end":{"line":108,"column":null}},"1":{"start":{"line":11,"column":14},"end":{"line":11,"column":null}},"2":{"start":{"line":12,"column":28},"end":{"line":12,"column":null}},"3":{"start":{"line":13,"column":28},"end":{"line":13,"column":null}},"4":{"start":{"line":14,"column":30},"end":{"line":14,"column":null}},"5":{"start":{"line":15,"column":17},"end":{"line":15,"column":null}},"6":{"start":{"line":17,"column":4},"end":{"line":42,"column":null}},"7":{"start":{"line":18,"column":26},"end":{"line":39,"column":null}},"8":{"start":{"line":21,"column":12},"end":{"line":24,"column":null}},"9":{"start":{"line":22,"column":16},"end":{"line":22,"column":null}},"10":{"start":{"line":23,"column":16},"end":{"line":23,"column":null}},"11":{"start":{"line":25,"column":27},"end":{"line":25,"column":null}},"12":{"start":{"line":27,"column":12},"end":{"line":38,"column":null}},"13":{"start":{"line":28,"column":49},"end":{"line":31,"column":null}},"14":{"start":{"line":32,"column":16},"end":{"line":32,"column":null}},"15":{"start":{"line":33,"column":16},"end":{"line":33,"column":null}},"16":{"start":{"line":35,"column":16},"end":{"line":35,"column":null}},"17":{"start":{"line":37,"column":16},"end":{"line":37,"column":null}},"18":{"start":{"line":41,"column":8},"end":{"line":41,"column":null}},"19":{"start":{"line":44,"column":28},"end":{"line":46,"column":null}},"20":{"start":{"line":45,"column":8},"end":{"line":45,"column":null}},"21":{"start":{"line":45,"column":32},"end":{"line":45,"column":48}},"22":{"start":{"line":48,"column":4},"end":{"line":54,"column":null}},"23":{"start":{"line":49,"column":8},"end":{"line":52,"column":null}},"24":{"start":{"line":56,"column":4},"end":{"line":106,"column":null}},"25":{"start":{"line":73,"column":24},"end":{"line":102,"column":null}},"26":{"start":{"line":90,"column":50},"end":{"line":90,"column":null}},"27":{"start":{"line":91,"column":36},"end":{"line":98,"column":null}}},"fnMap":{"0":{"name":"(anonymous_0)","decl":{"start":{"line":10,"column":26},"end":{"line":10,"column":32}},"loc":{"start":{"line":10,"column":32},"end":{"line":108,"column":null}},"line":10},"1":{"name":"(anonymous_1)","decl":{"start":{"line":17,"column":14},"end":{"line":17,"column":20}},"loc":{"start":{"line":17,"column":20},"end":{"line":42,"column":7}},"line":17},"2":{"name":"(anonymous_2)","decl":{"start":{"line":18,"column":26},"end":{"line":18,"column":38}},"loc":{"start":{"line":18,"column":38},"end":{"line":39,"column":null}},"line":18},"3":{"name":"(anonymous_3)","decl":{"start":{"line":44,"column":28},"end":{"line":44,"column":29}},"loc":{"start":{"line":44,"column":49},"end":{"line":46,"column":null}},"line":44},"4":{"name":"(anonymous_4)","decl":{"start":{"line":45,"column":27},"end":{"line":45,"column":32}},"loc":{"start":{"line":45,"column":32},"end":{"line":45,"column":48}},"line":45},"5":{"name":"(anonymous_5)","decl":{"start":{"line":72,"column":32},"end":{"line":72,"column":33}},"loc":{"start":{"line":73,"column":24},"end":{"line":102,"column":null}},"line":73},"6":{"name":"(anonymous_6)","decl":{"start":{"line":89,"column":50},"end":{"line":89,"column":51}},"loc":{"start":{"line":89,"column":78},"end":{"line":100,"column":33}},"line":89}},"branchMap":{"0":{"loc":{"start":{"line":21,"column":12},"end":{"line":24,"column":null}},"type":"if","locations":[{"start":{"line":21,"column":12},"end":{"line":24,"column":null}},{"start":{},"end":{}}],"line":21},"1":{"loc":{"start":{"line":21,"column":16},"end":{"line":21,"column":41}},"type":"binary-expr","locations":[{"start":{"line":21,"column":16},"end":{"line":21,"column":29}},{"start":{"line":21,"column":29},"end":{"line":21,"column":41}}],"line":21},"2":{"loc":{"start":{"line":25,"column":27},"end":{"line":25,"column":null}},"type":"binary-expr","locations":[{"start":{"line":25,"column":27},"end":{"line":25,"column":38}},{"start":{"line":25,"column":38},"end":{"line":25,"column":null}}],"line":25},"3":{"loc":{"start":{"line":48,"column":4},"end":{"line":54,"column":null}},"type":"if","locations":[{"start":{"line":48,"column":4},"end":{"line":54,"column":null}},{"start":{},"end":{}}],"line":48},"4":{"loc":{"start":{"line":60,"column":13},"end":{"line":104,"column":null}},"type":"cond-expr","locations":[{"start":{"line":61,"column":16},"end":{"line":69,"column":null}},{"start":{"line":71,"column":16},"end":{"line":104,"column":null}}],"line":60},"5":{"loc":{"start":{"line":80,"column":83},"end":{"line":80,"column":112}},"type":"binary-expr","locations":[{"start":{"line":80,"column":83},"end":{"line":80,"column":102}},{"start":{"line":80,"column":102},"end":{"line":80,"column":112}}],"line":80},"6":{"loc":{"start":{"line":84,"column":72},"end":{"line":84,"column":null}},"type":"binary-expr","locations":[{"start":{"line":84,"column":72},"end":{"line":84,"column":93}},{"start":{"line":84,"column":93},"end":{"line":84,"column":108}},{"start":{"line":84,"column":108},"end":{"line":84,"column":null}}],"line":84},"7":{"loc":{"start":{"line":94,"column":49},"end":{"line":94,"column":null}},"type":"cond-expr","locations":[{"start":{"line":94,"column":57},"end":{"line":94,"column":71}},{"start":{"line":94,"column":71},"end":{"line":94,"column":null}}],"line":94}},"s":{"0":1,"1":5,"2":5,"3":5,"4":5,"5":5,"6":5,"7":3,"8":3,"9":0,"10":0,"11":3,"12":3,"13":3,"14":3,"15":3,"16":0,"17":3,"18":3,"19":5,"20":1,"21":1,"22":5,"23":3,"24":2,"25":1,"26":1,"27":1},"f":{"0":5,"1":3,"2":3,"3":1,"4":1,"5":1,"6":1},"b":{"0":[0,3],"1":[3,0],"2":[3,0],"3":[3,2],"4":[1,1],"5":[1,1],"6":[1,1,0],"7":[1,0]},"meta":{"lastBranch":8,"lastFunction":7,"lastStatement":28,"seen":{"s:10:26:108:Infinity":0,"f:10:26:10:32":0,"s:11:14:11:Infinity":1,"s:12:28:12:Infinity":2,"s:13:28:13:Infinity":3,"s:14:30:14:Infinity":4,"s:15:17:15:Infinity":5,"s:17:4:42:Infinity":6,"f:17:14:17:20":1,"s:18:26:39:Infinity":7,"f:18:26:18:38":2,"b:21:12:24:Infinity:undefined:undefined:undefined:undefined":0,"s:21:12:24:Infinity":8,"b:21:16:21:29:21:29:21:41":1,"s:22:16:22:Infinity":9,"s:23:16:23:Infinity":10,"s:25:27:25:Infinity":11,"b:25:27:25:38:25:38:25:Infinity":2,"s:27:12:38:Infinity":12,"s:28:49:31:Infinity":13,"s:32:16:32:Infinity":14,"s:33:16:33:Infinity":15,"s:35:16:35:Infinity":16,"s:37:16:37:Infinity":17,"s:41:8:41:Infinity":18,"s:44:28:46:Infinity":19,"f:44:28:44:29":3,"s:45:8:45:Infinity":20,"f:45:27:45:32":4,"s:45:32:45:48":21,"b:48:4:54:Infinity:undefined:undefined:undefined:undefined":3,"s:48:4:54:Infinity":22,"s:49:8:52:Infinity":23,"s:56:4:106:Infinity":24,"b:61:16:69:Infinity:71:16:104:Infinity":4,"f:72:32:72:33":5,"s:73:24:102:Infinity":25,"b:80:83:80:102:80:102:80:112":5,"b:84:72:84:93:84:93:84:108:84:108:84:Infinity":6,"f:89:50:89:51":6,"s:90:50:90:Infinity":26,"s:91:36:98:Infinity":27,"b:94:57:94:71:94:71:94:Infinity":7}}}
,"E:\\disqueria-front-react\\src\\pages\\RegisterPage.tsx": {"path":"E:\\disqueria-front-react\\src\\pages\\RegisterPage.tsx","statementMap":{"0":{"start":{"line":9,"column":28},"end":{"line":86,"column":null}},"1":{"start":{"line":10,"column":14},"end":{"line":10,"column":null}},"2":{"start":{"line":11,"column":24},"end":{"line":11,"column":null}},"3":{"start":{"line":12,"column":26},"end":{"line":12,"column":null}},"4":{"start":{"line":13,"column":32},"end":{"line":13,"column":null}},"5":{"start":{"line":14,"column":26},"end":{"line":14,"column":null}},"6":{"start":{"line":15,"column":10},"end":{"line":15,"column":null}},"7":{"start":{"line":16,"column":34},"end":{"line":16,"column":null}},"8":{"start":{"line":18,"column":25},"end":{"line":31,"column":null}},"9":{"start":{"line":19,"column":8},"end":{"line":19,"column":null}},"10":{"start":{"line":20,"column":8},"end":{"line":20,"column":null}},"11":{"start":{"line":21,"column":8},"end":{"line":21,"column":null}},"12":{"start":{"line":23,"column":8},"end":{"line":30,"column":null}},"13":{"start":{"line":24,"column":12},"end":{"line":24,"column":null}},"14":{"start":{"line":25,"column":12},"end":{"line":25,"column":null}},"15":{"start":{"line":27,"column":12},"end":{"line":27,"column":null}},"16":{"start":{"line":29,"column":12},"end":{"line":29,"column":null}},"17":{"start":{"line":33,"column":4},"end":{"line":84,"column":null}},"18":{"start":{"line":50,"column":41},"end":{"line":50,"column":null}},"19":{"start":{"line":58,"column":41},"end":{"line":58,"column":null}},"20":{"start":{"line":66,"column":41},"end":{"line":66,"column":null}}},"fnMap":{"0":{"name":"(anonymous_0)","decl":{"start":{"line":9,"column":28},"end":{"line":9,"column":34}},"loc":{"start":{"line":9,"column":34},"end":{"line":86,"column":null}},"line":9},"1":{"name":"(anonymous_1)","decl":{"start":{"line":18,"column":25},"end":{"line":18,"column":32}},"loc":{"start":{"line":18,"column":55},"end":{"line":31,"column":null}},"line":18},"2":{"name":"(anonymous_2)","decl":{"start":{"line":50,"column":34},"end":{"line":50,"column":35}},"loc":{"start":{"line":50,"column":41},"end":{"line":50,"column":null}},"line":50},"3":{"name":"(anonymous_3)","decl":{"start":{"line":58,"column":34},"end":{"line":58,"column":35}},"loc":{"start":{"line":58,"column":41},"end":{"line":58,"column":null}},"line":58},"4":{"name":"(anonymous_4)","decl":{"start":{"line":66,"column":34},"end":{"line":66,"column":35}},"loc":{"start":{"line":66,"column":41},"end":{"line":66,"column":null}},"line":66}},"branchMap":{"0":{"loc":{"start":{"line":27,"column":21},"end":{"line":27,"column":73}},"type":"binary-expr","locations":[{"start":{"line":27,"column":21},"end":{"line":27,"column":52}},{"start":{"line":27,"column":52},"end":{"line":27,"column":73}}],"line":27},"1":{"loc":{"start":{"line":38,"column":17},"end":{"line":42,"column":null}},"type":"binary-expr","locations":[{"start":{"line":38,"column":17},"end":{"line":38,"column":null}},{"start":{"line":39,"column":20},"end":{"line":42,"column":null}}],"line":38},"2":{"loc":{"start":{"line":73,"column":25},"end":{"line":73,"column":null}},"type":"cond-expr","locations":[{"start":{"line":73,"column":37},"end":{"line":73,"column":59}},{"start":{"line":73,"column":59},"end":{"line":73,"column":null}}],"line":73}},"s":{"0":1,"1":13,"2":13,"3":13,"4":13,"5":13,"6":13,"7":13,"8":13,"9":2,"10":2,"11":2,"12":2,"13":2,"14":1,"15":1,"16":2,"17":13,"18":2,"19":2,"20":2},"f":{"0":13,"1":2,"2":2,"3":2,"4":2},"b":{"0":[1,0],"1":[13,1],"2":[2,11]},"meta":{"lastBranch":3,"lastFunction":5,"lastStatement":21,"seen":{"s:9:28:86:Infinity":0,"f:9:28:9:34":0,"s:10:14:10:Infinity":1,"s:11:24:11:Infinity":2,"s:12:26:12:Infinity":3,"s:13:32:13:Infinity":4,"s:14:26:14:Infinity":5,"s:15:10:15:Infinity":6,"s:16:34:16:Infinity":7,"s:18:25:31:Infinity":8,"f:18:25:18:32":1,"s:19:8:19:Infinity":9,"s:20:8:20:Infinity":10,"s:21:8:21:Infinity":11,"s:23:8:30:Infinity":12,"s:24:12:24:Infinity":13,"s:25:12:25:Infinity":14,"s:27:12:27:Infinity":15,"b:27:21:27:52:27:52:27:73":0,"s:29:12:29:Infinity":16,"s:33:4:84:Infinity":17,"b:38:17:38:Infinity:39:20:42:Infinity":1,"f:50:34:50:35":2,"s:50:41:50:Infinity":18,"f:58:34:58:35":3,"s:58:41:58:Infinity":19,"f:66:34:66:35":4,"s:66:41:66:Infinity":20,"b:73:37:73:59:73:59:73:Infinity":2}}}
}
